2024-06-19T04:57:12.101328851Z : info : 'Weekly record of date1718773032464is recorded successfully' : 
2024-06-19T04:58:16.342985849Z : info : 'Weekly record of date1718773096129is recorded successfully' : 
2024-06-19T04:58:20.101283491Z : info : 'Weekly record of date1718773100963is recorded successfully' : 
2024-06-19T04:58:26.123110711Z : info : 'Weekly record of date1718773106573is recorded successfully' : 
2024-06-19T04:58:27.926933032Z : info : 'Weekly record of date1718773107920is recorded successfully' : 
2024-06-19T04:58:47.917204625Z : info : 'Weekly record of date1718773127415is recorded successfully' : 
2024-06-19T04:59:23.355319750Z : info : 'Weekly record of date1718773163135is recorded successfully' : 
2024-06-19T04:59:23.362892617Z : info : 'Daily record of date1718773163139is recorded successfully' : 
2024-06-19T04:59:30.688927071Z : info : 'Weekly record of date1718773170301is recorded successfully' : 
2024-06-19T04:59:30.702918549Z : info : 'Daily record of date1718773170309is recorded successfully' : 
2024-06-19T04:59:38.378631776Z : info : 'Weekly record of date1718773178146is recorded successfully' : 
2024-06-19T04:59:38.385011820Z : info : 'Daily record of date1718773178150is recorded successfully' : 
2024-06-19T04:59:41.169116090Z : info : 'Weekly record of date1718773181803is recorded successfully' : 
2024-06-19T04:59:41.169744781Z : info : 'Daily record of date1718773181806is recorded successfully' : 
2024-06-19T05:00:06.916917985Z : info : 'Weekly record of date1718773206915is recorded successfully' : 
2024-06-19T05:00:06.922893433Z : info : 'Daily record of date1718773206919is recorded successfully' : 
2024-06-19T05:00:06.925193665Z : info : 'Daily record of date1718773206920is recorded successfully' : 
2024-06-19T05:00:07.106309560Z : info : 'Weekly record of date1718773207989is recorded successfully' : 
2024-06-19T05:00:07.106936316Z : info : 'Daily record of date1718773207992is recorded successfully' : 
2024-06-19T05:00:07.107278770Z : info : 'Daily record of date1718773207994is recorded successfully' : 
2024-06-19T05:00:12.373403175Z : info : 'Weekly record of date1718773212144is recorded successfully' : 
2024-06-19T05:00:12.382587914Z : info : 'Daily record of date1718773212148is recorded successfully' : 
2024-06-19T05:00:12.385518404Z : info : 'uplcoming  record of date1718773212150is recorded successfully' : 
2024-06-19T05:00:13.183345667Z : info : 'Weekly record of date1718773213874is recorded successfully' : 
2024-06-19T05:00:13.184477486Z : info : 'Daily record of date1718773213880is recorded successfully' : 
2024-06-19T05:00:13.184912849Z : info : 'uplcoming record of date1718773213882is recorded successfully' : 
2024-06-19T05:00:22.163354116Z : info : 'Weekly record of date1718773222774is recorded successfully' : 
2024-06-19T05:00:22.164484932Z : info : 'Daily record of date1718773222780is recorded successfully' : 
2024-06-19T05:00:22.164918153Z : info : 'uplcoming record of 10minutes from now date1718773222782is recorded successfully' : 
2024-06-19T05:00:24.159134908Z : info : 'Weekly record of date1718773224753is recorded successfully' : 
2024-06-19T05:00:24.160148440Z : info : 'Daily record of date1718773224758is recorded successfully' : 
2024-06-19T05:00:24.160674238Z : info : 'uplcoming record of 10minutes from now of date1718773224761is recorded successfully' : 
2024-06-19T05:00:30.269222886Z : info : 'Weekly record of date1718773230092is recorded successfully' : 
2024-06-19T05:00:30.278608829Z : info : 'Daily record of date1718773230097is recorded successfully' : 
2024-06-19T05:00:30.281465046Z : info : 'Upcoming record of 10minutes from now of date1718773230098is recorded successfully' : 
2024-06-19T05:00:37.840925418Z : info : 'Weekly record of date1718773237377is recorded successfully' : 
2024-06-19T05:00:37.847173442Z : info : 'Daily record of date1718773237381is recorded successfully' : 
2024-06-19T05:00:37.850605767Z : info : 'Upcoming record of 10minutes from now of date1718773237383is recorded successfully' : 
2024-06-19T05:00:45.656918321Z : info : 'Weekly record of date1718773245285is recorded successfully' : 
2024-06-19T05:00:45.662961134Z : info : 'Daily record of date1718773245289is recorded successfully' : 
2024-06-19T05:00:45.665261878Z : info : 'Upcoming record of 10minutes from now of date1718773245290is recorded successfully' : 
2024-06-19T05:00:46.173875555Z : info : 'Weekly record of date1718773246826is recorded successfully' : 
2024-06-19T05:00:46.174675777Z : info : 'Daily record of date1718773246831is recorded successfully' : 
2024-06-19T05:00:46.174924555Z : info : 'Upcoming record of 10minutes from now of date1718773246832is recorded successfully' : 
2024-06-19T05:00:48.141475837Z : info : 'Weekly record of date1718773248664is recorded successfully' : 
2024-06-19T05:00:48.142301751Z : info : 'Daily record of date1718773248669is recorded successfully' : 
2024-06-19T05:00:48.142687490Z : info : 'Upcoming record of 10 minutes from now of date1718773248671is recorded successfully' : 
2024-06-19T05:04:12.104699931Z : info : 'Weekly record of date1718773452480is recorded successfully' : 
2024-06-19T05:04:12.105724473Z : info : 'Daily record of date1718773452486is recorded successfully' : 
2024-06-19T05:04:12.107553744Z : info : 'Upcoming record of 10 minutes from now of date1718773452495is recorded successfully' : 
2024-06-19T05:05:07.149062835Z : info : 'Weekly record of date1718773507702is recorded successfully' : 
2024-06-19T05:05:07.149865263Z : info : 'Daily record of date1718773507707is recorded successfully' : 
2024-06-19T05:05:07.151084761Z : info : 'Upcoming record of 10 minutes from now of date1718773507713is recorded successfully' : 
